[0.012s] Invoking command in '/home/pohrselvan/ros2_ws/src/july_9/build/july_9': CMAKE_PREFIX_PATH=/opt/ros/humble /usr/bin/cmake --build /home/pohrselvan/ros2_ws/src/july_9/build/july_9 -- -j4 -l4
[0.039s] -- Found ament_cmake: 1.3.9 (/opt/ros/humble/share/ament_cmake/cmake)
[0.160s] -- Found ament_lint_auto: 0.12.11 (/opt/ros/humble/share/ament_lint_auto/cmake)
[0.221s] [31mCMake Error at CMakeLists.txt:26 (install):
[0.221s]   install DIRECTORY given non-directory "wheel_controller.yaml" to install.
[0.221s] 
[0.221s] [0m
[0.238s] -- Added test 'cppcheck' to perform static code analysis on C / C++ code
[0.238s] -- Configured cppcheck include dirs: 
[0.238s] -- Configured cppcheck exclude dirs and/or files: 
[0.240s] -- Added test 'flake8' to check Python code syntax and style conventions
[0.244s] -- Added test 'lint_cmake' to check CMake code style
[0.246s] -- Added test 'pep257' to check Python code against some of the docstring style conventions in PEP 257
[0.259s] -- Added test 'uncrustify' to check C / C++ code style
[0.260s] -- Configured uncrustify additional arguments: 
[0.261s] -- Added test 'xmllint' to check XML markup files
[0.263s] -- Configuring incomplete, errors occurred!
[0.263s] See also "/home/pohrselvan/ros2_ws/src/july_9/build/july_9/CMakeFiles/CMakeOutput.log".
[0.265s] gmake: *** [Makefile:226: cmake_check_build_system] Error 1
[0.267s] Invoked command in '/home/pohrselvan/ros2_ws/src/july_9/build/july_9' returned '2': CMAKE_PREFIX_PATH=/opt/ros/humble /usr/bin/cmake --build /home/pohrselvan/ros2_ws/src/july_9/build/july_9 -- -j4 -l4
