[0.020s] Invoking command in '/home/pohrselvan/ros2_ws/src/july_9/build/july_9': CMAKE_PREFIX_PATH=${CMAKE_PREFIX_PATH}:/opt/ros/humble /usr/bin/cmake --build /home/pohrselvan/ros2_ws/src/july_9/build/july_9 -- -j4 -l4
[0.095s] Invoked command in '/home/pohrselvan/ros2_ws/src/july_9/build/july_9' returned '0': CMAKE_PREFIX_PATH=${CMAKE_PREFIX_PATH}:/opt/ros/humble /usr/bin/cmake --build /home/pohrselvan/ros2_ws/src/july_9/build/july_9 -- -j4 -l4
[0.179s] Invoking command in '/home/pohrselvan/ros2_ws/src/july_9/build/july_9': CMAKE_PREFIX_PATH=${CMAKE_PREFIX_PATH}:/opt/ros/humble /usr/bin/cmake --install /home/pohrselvan/ros2_ws/src/july_9/build/july_9
[0.196s] -- Install configuration: ""
[0.196s] -- Up-to-date: /home/pohrselvan/ros2_ws/src/july_9/install/july_9/share/july_9/robot_description
[0.197s] -- Up-to-date: /home/pohrselvan/ros2_ws/src/july_9/install/july_9/share/july_9/robot_description/chassis.xacro
[0.197s] -- Up-to-date: /home/pohrselvan/ros2_ws/src/july_9/install/july_9/share/july_9/robot_description/lidar.xacro
[0.197s] -- Up-to-date: /home/pohrselvan/ros2_ws/src/july_9/install/july_9/share/july_9/robot_description/inertial.xacro
[0.197s] -- Installing: /home/pohrselvan/ros2_ws/src/july_9/install/july_9/share/july_9/robot_description/gazebo_control.xacro
[0.198s] -- Installing: /home/pohrselvan/ros2_ws/src/july_9/install/july_9/share/july_9/robot_description/robot.urdf.xacro
[0.198s] -- Installing: /home/pohrselvan/ros2_ws/src/july_9/install/july_9/share/july_9/robot_description/ros2_control_wheel.xacro
[0.199s] -- Up-to-date: /home/pohrselvan/ros2_ws/src/july_9/install/july_9/share/july_9/robot_description/robot_core.xacro
[0.200s] -- Up-to-date: /home/pohrselvan/ros2_ws/src/july_9/install/july_9/share/july_9/launch
[0.200s] -- Up-to-date: /home/pohrselvan/ros2_ws/src/july_9/install/july_9/share/july_9/launch/rsp.launch.py
[0.200s] -- Up-to-date: /home/pohrselvan/ros2_ws/src/july_9/install/july_9/share/july_9/launch/launch_sim.launch.py
[0.201s] -- Up-to-date: /home/pohrselvan/ros2_ws/src/july_9/install/july_9/share/ament_index/resource_index/package_run_dependencies/july_9
[0.201s] -- Up-to-date: /home/pohrselvan/ros2_ws/src/july_9/install/july_9/share/ament_index/resource_index/parent_prefix_path/july_9
[0.201s] -- Up-to-date: /home/pohrselvan/ros2_ws/src/july_9/install/july_9/share/july_9/environment/ament_prefix_path.sh
[0.202s] -- Up-to-date: /home/pohrselvan/ros2_ws/src/july_9/install/july_9/share/july_9/environment/ament_prefix_path.dsv
[0.202s] -- Up-to-date: /home/pohrselvan/ros2_ws/src/july_9/install/july_9/share/july_9/environment/path.sh
[0.202s] -- Up-to-date: /home/pohrselvan/ros2_ws/src/july_9/install/july_9/share/july_9/environment/path.dsv
[0.202s] -- Up-to-date: /home/pohrselvan/ros2_ws/src/july_9/install/july_9/share/july_9/local_setup.bash
[0.202s] -- Up-to-date: /home/pohrselvan/ros2_ws/src/july_9/install/july_9/share/july_9/local_setup.sh
[0.203s] -- Up-to-date: /home/pohrselvan/ros2_ws/src/july_9/install/july_9/share/july_9/local_setup.zsh
[0.203s] -- Up-to-date: /home/pohrselvan/ros2_ws/src/july_9/install/july_9/share/july_9/local_setup.dsv
[0.203s] -- Installing: /home/pohrselvan/ros2_ws/src/july_9/install/july_9/share/july_9/package.dsv
[0.203s] -- Up-to-date: /home/pohrselvan/ros2_ws/src/july_9/install/july_9/share/ament_index/resource_index/packages/july_9
[0.203s] -- Up-to-date: /home/pohrselvan/ros2_ws/src/july_9/install/july_9/share/july_9/cmake/july_9Config.cmake
[0.203s] -- Up-to-date: /home/pohrselvan/ros2_ws/src/july_9/install/july_9/share/july_9/cmake/july_9Config-version.cmake
[0.204s] -- Up-to-date: /home/pohrselvan/ros2_ws/src/july_9/install/july_9/share/july_9/package.xml
[0.206s] Invoked command in '/home/pohrselvan/ros2_ws/src/july_9/build/july_9' returned '0': CMAKE_PREFIX_PATH=${CMAKE_PREFIX_PATH}:/opt/ros/humble /usr/bin/cmake --install /home/pohrselvan/ros2_ws/src/july_9/build/july_9
