[0.016s] Invoking command in '/home/pohrselvan/ros2_ws/src/july_9/build/july_9': /usr/bin/cmake --build /home/pohrselvan/ros2_ws/src/july_9/build/july_9 -- -j4 -l4
[0.034s] -- Found ament_cmake: 1.3.9 (/opt/ros/humble/share/ament_cmake/cmake)
[0.141s] -- Found ament_lint_auto: 0.12.11 (/opt/ros/humble/share/ament_lint_auto/cmake)
[0.184s] Error parsing '/home/pohrselvan/ros2_ws/src/july_9/package.xml':
[0.221s] Traceback (most recent call last):
[0.221s]   File "/usr/lib/python3/dist-packages/catkin_pkg/package.py", line 610, in parse_package_string
[0.222s]     root = dom.parseString(data)
[0.222s]   File "/usr/lib/python3.10/xml/dom/minidom.py", line 2000, in parseString
[0.222s]     return expatbuilder.parseString(string)
[0.222s]   File "/usr/lib/python3.10/xml/dom/expatbuilder.py", line 925, in parseString
[0.222s]     return builder.parseString(string)
[0.222s]   File "/usr/lib/python3.10/xml/dom/expatbuilder.py", line 223, in parseString
[0.222s]     parser.Parse(string, True)
[0.222s] xml.parsers.expat.ExpatError: not well-formed (invalid token): line 7, column 20
[0.222s] 
[0.222s] During handling of the above exception, another exception occurred:
[0.222s] 
[0.222s] Traceback (most recent call last):
[0.222s]   File "/opt/ros/humble/share/ament_cmake_core/cmake/core/package_xml_2_cmake.py", line 150, in <module>
[0.222s]     main()
[0.222s]   File "/opt/ros/humble/share/ament_cmake_core/cmake/core/package_xml_2_cmake.py", line 53, in main
[0.222s]     raise e
[0.222s]   File "/opt/ros/humble/share/ament_cmake_core/cmake/core/package_xml_2_cmake.py", line 49, in main
[0.222s]     package = parse_package_string(
[0.223s]   File "/usr/lib/python3/dist-packages/catkin_pkg/package.py", line 612, in parse_package_string
[0.223s]     raise InvalidPackage('The manifest contains invalid XML:\n%s' % ex, filename)
[0.223s] catkin_pkg.package.InvalidPackage: Error(s) in package '/home/pohrselvan/ros2_ws/src/july_9/package.xml':
[0.223s] The manifest contains invalid XML:
[0.223s] not well-formed (invalid token): line 7, column 20
[0.239s] [31mCMake Error at /opt/ros/humble/share/ament_cmake_core/cmake/core/ament_package_xml.cmake:95 (message):
[0.239s]   execute_process(/usr/bin/python3
[0.239s]   /opt/ros/humble/share/ament_cmake_core/cmake/core/package_xml_2_cmake.py
[0.239s]   /home/pohrselvan/ros2_ws/src/july_9/package.xml
[0.239s]   /home/pohrselvan/ros2_ws/src/july_9/build/july_9/ament_cmake_core/package.cmake)
[0.239s]   returned error code 1
[0.239s] Call Stack (most recent call first):
[0.239s]   /opt/ros/humble/share/ament_cmake_core/cmake/core/ament_package_xml.cmake:49 (_ament_package_xml)
[0.239s]   /opt/ros/humble/share/ament_lint_auto/cmake/ament_lint_auto_find_test_dependencies.cmake:31 (ament_package_xml)
[0.240s]   CMakeLists.txt:23 (ament_lint_auto_find_test_dependencies)
[0.240s] 
[0.240s] [0m
[0.240s] -- Configuring incomplete, errors occurred!
[0.240s] See also "/home/pohrselvan/ros2_ws/src/july_9/build/july_9/CMakeFiles/CMakeOutput.log".
[0.241s] gmake: *** [Makefile:226: cmake_check_build_system] Error 1
[0.242s] Invoked command in '/home/pohrselvan/ros2_ws/src/july_9/build/july_9' returned '2': /usr/bin/cmake --build /home/pohrselvan/ros2_ws/src/july_9/build/july_9 -- -j4 -l4
