[0.025s] Invoking command in '/home/pohrselvan/ros2_ws/src/july_9/build/july_9': CMAKE_PREFIX_PATH=${CMAKE_PREFIX_PATH}:/home/pohrselvan/orange_ros2/install/orange_teleop:/home/pohrselvan/orange_ros2/install/orange_bringup:/opt/ros/humble /usr/bin/cmake --build /home/pohrselvan/ros2_ws/src/july_9/build/july_9 -- -j4 -l4
[0.073s] Invoked command in '/home/pohrselvan/ros2_ws/src/july_9/build/july_9' returned '0': CMAKE_PREFIX_PATH=${CMAKE_PREFIX_PATH}:/home/pohrselvan/orange_ros2/install/orange_teleop:/home/pohrselvan/orange_ros2/install/orange_bringup:/opt/ros/humble /usr/bin/cmake --build /home/pohrselvan/ros2_ws/src/july_9/build/july_9 -- -j4 -l4
[0.113s] Invoking command in '/home/pohrselvan/ros2_ws/src/july_9/build/july_9': CMAKE_PREFIX_PATH=${CMAKE_PREFIX_PATH}:/home/pohrselvan/orange_ros2/install/orange_teleop:/home/pohrselvan/orange_ros2/install/orange_bringup:/opt/ros/humble /usr/bin/cmake --install /home/pohrselvan/ros2_ws/src/july_9/build/july_9
[0.126s] -- Install configuration: ""
[0.126s] -- Up-to-date: /home/pohrselvan/ros2_ws/src/july_9/install/july_9/share/july_9/robot_description
[0.126s] -- Up-to-date: /home/pohrselvan/ros2_ws/src/july_9/install/july_9/share/july_9/robot_description/chassis.xacro
[0.126s] -- Up-to-date: /home/pohrselvan/ros2_ws/src/july_9/install/july_9/share/july_9/robot_description/lidar.xacro
[0.126s] -- Up-to-date: /home/pohrselvan/ros2_ws/src/july_9/install/july_9/share/july_9/robot_description/inertial.xacro
[0.127s] -- Up-to-date: /home/pohrselvan/ros2_ws/src/july_9/install/july_9/share/july_9/robot_description/gazebo_control.xacro
[0.127s] -- Up-to-date: /home/pohrselvan/ros2_ws/src/july_9/install/july_9/share/july_9/robot_description/robot.urdf.xacro
[0.127s] -- Up-to-date: /home/pohrselvan/ros2_ws/src/july_9/install/july_9/share/july_9/robot_description/imu.xacro
[0.127s] -- Up-to-date: /home/pohrselvan/ros2_ws/src/july_9/install/july_9/share/july_9/robot_description/ros2_control_wheel.xacro
[0.127s] -- Up-to-date: /home/pohrselvan/ros2_ws/src/july_9/install/july_9/share/july_9/robot_description/robot_core.xacro
[0.127s] -- Up-to-date: /home/pohrselvan/ros2_ws/src/july_9/install/july_9/share/july_9/launch
[0.128s] -- Up-to-date: /home/pohrselvan/ros2_ws/src/july_9/install/july_9/share/july_9/launch/rsp.launch.py
[0.128s] -- Up-to-date: /home/pohrselvan/ros2_ws/src/july_9/install/july_9/share/july_9/launch/launch_sim.launch.py
[0.128s] -- Installing: /home/pohrselvan/ros2_ws/src/july_9/install/july_9/share/july_9/launch/world_launch.launch.py
[0.128s] -- Up-to-date: /home/pohrselvan/ros2_ws/src/july_9/install/july_9/share/july_9/config
[0.128s] -- Up-to-date: /home/pohrselvan/ros2_ws/src/july_9/install/july_9/share/july_9/config/wheel_controller.yaml
[0.128s] -- Up-to-date: /home/pohrselvan/ros2_ws/src/july_9/install/july_9/share/july_9/worlds
[0.128s] -- Up-to-date: /home/pohrselvan/ros2_ws/src/july_9/install/july_9/share/july_9/worlds/orange_world.world
[0.128s] -- Up-to-date: /home/pohrselvan/ros2_ws/src/july_9/install/july_9/share/ament_index/resource_index/package_run_dependencies/july_9
[0.128s] -- Up-to-date: /home/pohrselvan/ros2_ws/src/july_9/install/july_9/share/ament_index/resource_index/parent_prefix_path/july_9
[0.129s] -- Up-to-date: /home/pohrselvan/ros2_ws/src/july_9/install/july_9/share/july_9/environment/ament_prefix_path.sh
[0.129s] -- Up-to-date: /home/pohrselvan/ros2_ws/src/july_9/install/july_9/share/july_9/environment/ament_prefix_path.dsv
[0.129s] -- Up-to-date: /home/pohrselvan/ros2_ws/src/july_9/install/july_9/share/july_9/environment/path.sh
[0.129s] -- Up-to-date: /home/pohrselvan/ros2_ws/src/july_9/install/july_9/share/july_9/environment/path.dsv
[0.129s] -- Up-to-date: /home/pohrselvan/ros2_ws/src/july_9/install/july_9/share/july_9/local_setup.bash
[0.131s] -- Up-to-date: /home/pohrselvan/ros2_ws/src/july_9/install/july_9/share/july_9/local_setup.sh
[0.135s] -- Up-to-date: /home/pohrselvan/ros2_ws/src/july_9/install/july_9/share/july_9/local_setup.zsh
[0.135s] -- Up-to-date: /home/pohrselvan/ros2_ws/src/july_9/install/july_9/share/july_9/local_setup.dsv
[0.136s] -- Installing: /home/pohrselvan/ros2_ws/src/july_9/install/july_9/share/july_9/package.dsv
[0.136s] -- Up-to-date: /home/pohrselvan/ros2_ws/src/july_9/install/july_9/share/ament_index/resource_index/packages/july_9
[0.136s] -- Up-to-date: /home/pohrselvan/ros2_ws/src/july_9/install/july_9/share/july_9/cmake/july_9Config.cmake
[0.136s] -- Up-to-date: /home/pohrselvan/ros2_ws/src/july_9/install/july_9/share/july_9/cmake/july_9Config-version.cmake
[0.136s] -- Up-to-date: /home/pohrselvan/ros2_ws/src/july_9/install/july_9/share/july_9/package.xml
[0.139s] Invoked command in '/home/pohrselvan/ros2_ws/src/july_9/build/july_9' returned '0': CMAKE_PREFIX_PATH=${CMAKE_PREFIX_PATH}:/home/pohrselvan/orange_ros2/install/orange_teleop:/home/pohrselvan/orange_ros2/install/orange_bringup:/opt/ros/humble /usr/bin/cmake --install /home/pohrselvan/ros2_ws/src/july_9/build/july_9
