[0.009s] Invoking command in '/home/pohrselvan/ros2_ws/src/july_9/build/july_9': CMAKE_PREFIX_PATH=/opt/ros/humble /usr/bin/cmake --build /home/pohrselvan/ros2_ws/src/july_9/build/july_9 -- -j4 -l4
[0.026s] -- Found ament_cmake: 1.3.9 (/opt/ros/humble/share/ament_cmake/cmake)
[0.134s] -- Found ament_lint_auto: 0.12.11 (/opt/ros/humble/share/ament_lint_auto/cmake)
[0.203s] -- Added test 'cppcheck' to perform static code analysis on C / C++ code
[0.203s] -- Configured cppcheck include dirs: 
[0.203s] -- Configured cppcheck exclude dirs and/or files: 
[0.205s] -- Added test 'flake8' to check Python code syntax and style conventions
[0.209s] -- Added test 'lint_cmake' to check CMake code style
[0.211s] -- Added test 'pep257' to check Python code against some of the docstring style conventions in PEP 257
[0.224s] -- Added test 'uncrustify' to check C / C++ code style
[0.224s] -- Configured uncrustify additional arguments: 
[0.226s] -- Added test 'xmllint' to check XML markup files
[0.227s] -- Configuring done
[0.231s] -- Generating done
[0.232s] -- Build files have been written to: /home/pohrselvan/ros2_ws/src/july_9/build/july_9
[0.248s] Invoked command in '/home/pohrselvan/ros2_ws/src/july_9/build/july_9' returned '0': CMAKE_PREFIX_PATH=/opt/ros/humble /usr/bin/cmake --build /home/pohrselvan/ros2_ws/src/july_9/build/july_9 -- -j4 -l4
[0.273s] Invoking command in '/home/pohrselvan/ros2_ws/src/july_9/build/july_9': CMAKE_PREFIX_PATH=/opt/ros/humble /usr/bin/cmake --install /home/pohrselvan/ros2_ws/src/july_9/build/july_9
[0.279s] -- Install configuration: ""
[0.279s] -- Up-to-date: /home/pohrselvan/ros2_ws/src/july_9/install/july_9/share/july_9/robot_description
[0.279s] -- Up-to-date: /home/pohrselvan/ros2_ws/src/july_9/install/july_9/share/july_9/robot_description/chassis.xacro
[0.279s] -- Up-to-date: /home/pohrselvan/ros2_ws/src/july_9/install/july_9/share/july_9/robot_description/lidar.xacro
[0.280s] -- Up-to-date: /home/pohrselvan/ros2_ws/src/july_9/install/july_9/share/july_9/robot_description/inertial.xacro
[0.280s] -- Up-to-date: /home/pohrselvan/ros2_ws/src/july_9/install/july_9/share/july_9/robot_description/gazebo_control.xacro
[0.280s] -- Up-to-date: /home/pohrselvan/ros2_ws/src/july_9/install/july_9/share/july_9/robot_description/robot.urdf.xacro
[0.280s] -- Installing: /home/pohrselvan/ros2_ws/src/july_9/install/july_9/share/july_9/robot_description/ros2_control_wheel.xacro
[0.280s] -- Up-to-date: /home/pohrselvan/ros2_ws/src/july_9/install/july_9/share/july_9/robot_description/robot_core.xacro
[0.280s] -- Up-to-date: /home/pohrselvan/ros2_ws/src/july_9/install/july_9/share/july_9/launch
[0.280s] -- Up-to-date: /home/pohrselvan/ros2_ws/src/july_9/install/july_9/share/july_9/launch/rsp.launch.py
[0.280s] -- Up-to-date: /home/pohrselvan/ros2_ws/src/july_9/install/july_9/share/july_9/launch/launch_sim.launch.py
[0.280s] -- Installing: /home/pohrselvan/ros2_ws/src/july_9/install/july_9/share/july_9/config
[0.280s] -- Installing: /home/pohrselvan/ros2_ws/src/july_9/install/july_9/share/july_9/config/wheel_controller.yaml
[0.280s] -- Up-to-date: /home/pohrselvan/ros2_ws/src/july_9/install/july_9/share/ament_index/resource_index/package_run_dependencies/july_9
[0.281s] -- Installing: /home/pohrselvan/ros2_ws/src/july_9/install/july_9/share/ament_index/resource_index/parent_prefix_path/july_9
[0.281s] -- Up-to-date: /home/pohrselvan/ros2_ws/src/july_9/install/july_9/share/july_9/environment/ament_prefix_path.sh
[0.281s] -- Installing: /home/pohrselvan/ros2_ws/src/july_9/install/july_9/share/july_9/environment/ament_prefix_path.dsv
[0.281s] -- Up-to-date: /home/pohrselvan/ros2_ws/src/july_9/install/july_9/share/july_9/environment/path.sh
[0.281s] -- Installing: /home/pohrselvan/ros2_ws/src/july_9/install/july_9/share/july_9/environment/path.dsv
[0.281s] -- Up-to-date: /home/pohrselvan/ros2_ws/src/july_9/install/july_9/share/july_9/local_setup.bash
[0.281s] -- Up-to-date: /home/pohrselvan/ros2_ws/src/july_9/install/july_9/share/july_9/local_setup.sh
[0.281s] -- Up-to-date: /home/pohrselvan/ros2_ws/src/july_9/install/july_9/share/july_9/local_setup.zsh
[0.281s] -- Installing: /home/pohrselvan/ros2_ws/src/july_9/install/july_9/share/july_9/local_setup.dsv
[0.282s] -- Installing: /home/pohrselvan/ros2_ws/src/july_9/install/july_9/share/july_9/package.dsv
[0.282s] -- Up-to-date: /home/pohrselvan/ros2_ws/src/july_9/install/july_9/share/ament_index/resource_index/packages/july_9
[0.282s] -- Up-to-date: /home/pohrselvan/ros2_ws/src/july_9/install/july_9/share/july_9/cmake/july_9Config.cmake
[0.283s] -- Up-to-date: /home/pohrselvan/ros2_ws/src/july_9/install/july_9/share/july_9/cmake/july_9Config-version.cmake
[0.283s] -- Up-to-date: /home/pohrselvan/ros2_ws/src/july_9/install/july_9/share/july_9/package.xml
[0.283s] Invoked command in '/home/pohrselvan/ros2_ws/src/july_9/build/july_9' returned '0': CMAKE_PREFIX_PATH=/opt/ros/humble /usr/bin/cmake --install /home/pohrselvan/ros2_ws/src/july_9/build/july_9
