[0.009s] Invoking command in '/home/pohrselvan/ros2_ws/src/july_9/build/july_9': CMAKE_PREFIX_PATH=${CMAKE_PREFIX_PATH}:/opt/ros/humble /usr/bin/cmake --build /home/pohrselvan/ros2_ws/src/july_9/build/july_9 -- -j4 -l4
[0.030s] -- Found ament_cmake: 1.3.9 (/opt/ros/humble/share/ament_cmake/cmake)
[0.152s] -- Found ament_lint_auto: 0.12.11 (/opt/ros/humble/share/ament_lint_auto/cmake)
[0.222s] -- Added test 'cppcheck' to perform static code analysis on C / C++ code
[0.222s] -- Configured cppcheck include dirs: 
[0.222s] -- Configured cppcheck exclude dirs and/or files: 
[0.224s] -- Added test 'flake8' to check Python code syntax and style conventions
[0.226s] -- Added test 'lint_cmake' to check CMake code style
[0.228s] -- Added test 'pep257' to check Python code against some of the docstring style conventions in PEP 257
[0.235s] -- Added test 'uncrustify' to check C / C++ code style
[0.235s] -- Configured uncrustify additional arguments: 
[0.236s] -- Added test 'xmllint' to check XML markup files
[0.238s] -- Configuring done
[0.242s] -- Generating done
[0.243s] -- Build files have been written to: /home/pohrselvan/ros2_ws/src/july_9/build/july_9
[0.261s] Invoked command in '/home/pohrselvan/ros2_ws/src/july_9/build/july_9' returned '0': CMAKE_PREFIX_PATH=${CMAKE_PREFIX_PATH}:/opt/ros/humble /usr/bin/cmake --build /home/pohrselvan/ros2_ws/src/july_9/build/july_9 -- -j4 -l4
[0.286s] Invoking command in '/home/pohrselvan/ros2_ws/src/july_9/build/july_9': CMAKE_PREFIX_PATH=${CMAKE_PREFIX_PATH}:/opt/ros/humble /usr/bin/cmake --install /home/pohrselvan/ros2_ws/src/july_9/build/july_9
[0.292s] -- Install configuration: ""
[0.292s] -- Installing: /home/pohrselvan/ros2_ws/src/july_9/install/july_9/share/july_9/robot_description
[0.292s] -- Installing: /home/pohrselvan/ros2_ws/src/july_9/install/july_9/share/july_9/robot_description/chassis.xacro
[0.292s] -- Installing: /home/pohrselvan/ros2_ws/src/july_9/install/july_9/share/july_9/robot_description/inertial.xacro
[0.292s] -- Installing: /home/pohrselvan/ros2_ws/src/july_9/install/july_9/share/july_9/robot_description/robot.urdf.xacro
[0.292s] -- Installing: /home/pohrselvan/ros2_ws/src/july_9/install/july_9/share/july_9/robot_description/robot_core.xacro
[0.293s] -- Installing: /home/pohrselvan/ros2_ws/src/july_9/install/july_9/share/july_9/launch
[0.293s] -- Installing: /home/pohrselvan/ros2_ws/src/july_9/install/july_9/share/july_9/launch/rsp.launch.py
[0.293s] -- Up-to-date: /home/pohrselvan/ros2_ws/src/july_9/install/july_9/share/ament_index/resource_index/package_run_dependencies/july_9
[0.293s] -- Installing: /home/pohrselvan/ros2_ws/src/july_9/install/july_9/share/ament_index/resource_index/parent_prefix_path/july_9
[0.293s] -- Up-to-date: /home/pohrselvan/ros2_ws/src/july_9/install/july_9/share/july_9/environment/ament_prefix_path.sh
[0.293s] -- Installing: /home/pohrselvan/ros2_ws/src/july_9/install/july_9/share/july_9/environment/ament_prefix_path.dsv
[0.293s] -- Up-to-date: /home/pohrselvan/ros2_ws/src/july_9/install/july_9/share/july_9/environment/path.sh
[0.293s] -- Installing: /home/pohrselvan/ros2_ws/src/july_9/install/july_9/share/july_9/environment/path.dsv
[0.294s] -- Up-to-date: /home/pohrselvan/ros2_ws/src/july_9/install/july_9/share/july_9/local_setup.bash
[0.294s] -- Up-to-date: /home/pohrselvan/ros2_ws/src/july_9/install/july_9/share/july_9/local_setup.sh
[0.294s] -- Up-to-date: /home/pohrselvan/ros2_ws/src/july_9/install/july_9/share/july_9/local_setup.zsh
[0.294s] -- Installing: /home/pohrselvan/ros2_ws/src/july_9/install/july_9/share/july_9/local_setup.dsv
[0.294s] -- Installing: /home/pohrselvan/ros2_ws/src/july_9/install/july_9/share/july_9/package.dsv
[0.294s] -- Up-to-date: /home/pohrselvan/ros2_ws/src/july_9/install/july_9/share/ament_index/resource_index/packages/july_9
[0.294s] -- Up-to-date: /home/pohrselvan/ros2_ws/src/july_9/install/july_9/share/july_9/cmake/july_9Config.cmake
[0.294s] -- Up-to-date: /home/pohrselvan/ros2_ws/src/july_9/install/july_9/share/july_9/cmake/july_9Config-version.cmake
[0.294s] -- Up-to-date: /home/pohrselvan/ros2_ws/src/july_9/install/july_9/share/july_9/package.xml
[0.296s] Invoked command in '/home/pohrselvan/ros2_ws/src/july_9/build/july_9' returned '0': CMAKE_PREFIX_PATH=${CMAKE_PREFIX_PATH}:/opt/ros/humble /usr/bin/cmake --install /home/pohrselvan/ros2_ws/src/july_9/build/july_9
