-- Install configuration: ""
-- Up-to-date: /home/pohrselvan/ros2_ws/src/july_9/install/july_9/share/july_9/robot_description
-- Up-to-date: /home/pohrselvan/ros2_ws/src/july_9/install/july_9/share/july_9/robot_description/chassis.xacro
-- Up-to-date: /home/pohrselvan/ros2_ws/src/july_9/install/july_9/share/july_9/robot_description/lidar.xacro
-- Up-to-date: /home/pohrselvan/ros2_ws/src/july_9/install/july_9/share/july_9/robot_description/inertial.xacro
-- Up-to-date: /home/pohrselvan/ros2_ws/src/july_9/install/july_9/share/july_9/robot_description/gazebo_control.xacro
-- Up-to-date: /home/pohrselvan/ros2_ws/src/july_9/install/july_9/share/july_9/robot_description/robot.urdf.xacro
-- Up-to-date: /home/pohrselvan/ros2_ws/src/july_9/install/july_9/share/july_9/robot_description/ros2_control_wheel.xacro
-- Up-to-date: /home/pohrselvan/ros2_ws/src/july_9/install/july_9/share/july_9/robot_description/robot_core.xacro
-- Up-to-date: /home/pohrselvan/ros2_ws/src/july_9/install/july_9/share/july_9/launch
-- Up-to-date: /home/pohrselvan/ros2_ws/src/july_9/install/july_9/share/july_9/launch/rsp.launch.py
-- Up-to-date: /home/pohrselvan/ros2_ws/src/july_9/install/july_9/share/july_9/launch/launch_sim.launch.py
-- Up-to-date: /home/pohrselvan/ros2_ws/src/july_9/install/july_9/share/july_9/config
-- Installing: /home/pohrselvan/ros2_ws/src/july_9/install/july_9/share/july_9/config/wheel_controller.yaml
-- Up-to-date: /home/pohrselvan/ros2_ws/src/july_9/install/july_9/share/ament_index/resource_index/package_run_dependencies/july_9
-- Up-to-date: /home/pohrselvan/ros2_ws/src/july_9/install/july_9/share/ament_index/resource_index/parent_prefix_path/july_9
-- Up-to-date: /home/pohrselvan/ros2_ws/src/july_9/install/july_9/share/july_9/environment/ament_prefix_path.sh
-- Up-to-date: /home/pohrselvan/ros2_ws/src/july_9/install/july_9/share/july_9/environment/ament_prefix_path.dsv
-- Up-to-date: /home/pohrselvan/ros2_ws/src/july_9/install/july_9/share/july_9/environment/path.sh
-- Up-to-date: /home/pohrselvan/ros2_ws/src/july_9/install/july_9/share/july_9/environment/path.dsv
-- Up-to-date: /home/pohrselvan/ros2_ws/src/july_9/install/july_9/share/july_9/local_setup.bash
-- Up-to-date: /home/pohrselvan/ros2_ws/src/july_9/install/july_9/share/july_9/local_setup.sh
-- Up-to-date: /home/pohrselvan/ros2_ws/src/july_9/install/july_9/share/july_9/local_setup.zsh
-- Up-to-date: /home/pohrselvan/ros2_ws/src/july_9/install/july_9/share/july_9/local_setup.dsv
-- Installing: /home/pohrselvan/ros2_ws/src/july_9/install/july_9/share/july_9/package.dsv
-- Up-to-date: /home/pohrselvan/ros2_ws/src/july_9/install/july_9/share/ament_index/resource_index/packages/july_9
-- Up-to-date: /home/pohrselvan/ros2_ws/src/july_9/install/july_9/share/july_9/cmake/july_9Config.cmake
-- Up-to-date: /home/pohrselvan/ros2_ws/src/july_9/install/july_9/share/july_9/cmake/july_9Config-version.cmake
-- Up-to-date: /home/pohrselvan/ros2_ws/src/july_9/install/july_9/share/july_9/package.xml
